{
  "stats": {
    "suites": 1,
    "tests": 3,
    "passes": 3,
    "pending": 0,
    "failures": 0,
    "start": "2021-08-05T01:19:11.504Z",
    "end": "2021-08-05T01:19:14.538Z",
    "duration": 3034,
    "testsRegistered": 3,
    "passPercent": 100,
    "pendingPercent": 0,
    "other": 0,
    "hasOther": false,
    "skipped": 0,
    "hasSkipped": false
  },
  "results": [
    {
      "uuid": "532c7e02-a64c-4b2a-bc6f-aea78d88a361",
      "title": "",
      "fullFile": "cypress/integration/users.spec.js",
      "file": "cypress/integration/users.spec.js",
      "beforeHooks": [],
      "afterHooks": [],
      "tests": [],
      "suites": [
        {
          "uuid": "6de4d187-d5ef-4dd7-8304-351df7070096",
          "title": "Usuários",
          "fullFile": "",
          "file": "",
          "beforeHooks": [],
          "afterHooks": [],
          "tests": [
            {
              "title": "Quando criar um novo usuário, então ele deve ser listado com os demais",
              "fullTitle": "Usuários Quando criar um novo usuário, então ele deve ser listado com os demais",
              "timedOut": null,
              "duration": 1474,
              "state": "passed",
              "speed": "slow",
              "pass": true,
              "fail": false,
              "pending": false,
              "context": null,
              "code": "_request.default.postUsers().then(postUsersResponse => {\n  _assertions.default.shouldHaveStatus(postUsersResponse, 200);\n  _assertions.default.shouldUsersIdNotNull(postUsersResponse);\n  _assertions.default.shouldDurationBeFast(postUsersResponse);\n  _request.default.getAllUsers(postUsersResponse).then(getAllUsersresponse => {\n    _assertions.default.shouldUsersEmailExists(postUsersResponse.body.data.email, getAllUsersresponse);\n  });\n});",
              "err": {},
              "uuid": "e689a63b-e0db-4f36-b158-b0d31c952517",
              "parentUUID": "6de4d187-d5ef-4dd7-8304-351df7070096",
              "isHook": false,
              "skipped": false
            },
            {
              "title": "Ao alterar um usuário com sucesso, então seus dados devem ser atualizados",
              "fullTitle": "Usuários Ao alterar um usuário com sucesso, então seus dados devem ser atualizados",
              "timedOut": null,
              "duration": 757,
              "state": "passed",
              "speed": "slow",
              "pass": true,
              "fail": false,
              "pending": false,
              "context": null,
              "code": "_request.default.postUsers().then(postUsersResponse => {\n  _request.default.updateUser(postUsersResponse).then(putUserResponse => {\n    _assertions.default.shouldHaveStatus(putUserResponse, 200);\n    _assertions.default.shouldUserDataBeUpdated(putUserResponse);\n    _request.default.getSingleUser(postUsersResponse).then(getSingleUserResponse => {\n      _assertions.default.shouldHaveStatus(getSingleUserResponse, 200);\n      _assertions.default.shouldUsersIdNotNull(getSingleUserResponse);\n      _assertions.default.shouldUserDataBeUpdated(getSingleUserResponse);\n    });\n  });\n});",
              "err": {},
              "uuid": "2120385f-20ff-497a-89d8-f43f375049ee",
              "parentUUID": "6de4d187-d5ef-4dd7-8304-351df7070096",
              "isHook": false,
              "skipped": false
            },
            {
              "title": "Ao excluir um usuário, então ele não deve ser exibido na listagem de usuários",
              "fullTitle": "Usuários Ao excluir um usuário, então ele não deve ser exibido na listagem de usuários",
              "timedOut": null,
              "duration": 762,
              "state": "passed",
              "speed": "slow",
              "pass": true,
              "fail": false,
              "pending": false,
              "context": null,
              "code": "_request.default.postUsers().then(postUsersResponse => {\n  _assertions.default.shouldHaveStatus(postUsersResponse, 200);\n  _assertions.default.shouldUsersIdNotNull(postUsersResponse);\n  _assertions.default.shouldDurationBeFast(postUsersResponse);\n  _request.default.deleteUser(postUsersResponse).then(deleteUserResponse => {\n    _assertions.default.shouldHaveStatus(deleteUserResponse, 200);\n    _request.default.getAllUsers(postUsersResponse).then(getAllUsersResponse => {\n      _assertions.default.shouldListBeEmpty(getAllUsersResponse);\n    });\n  });\n});",
              "err": {},
              "uuid": "3e9cce46-d802-41dc-9320-95cd09bf97a5",
              "parentUUID": "6de4d187-d5ef-4dd7-8304-351df7070096",
              "isHook": false,
              "skipped": false
            }
          ],
          "suites": [],
          "passes": [
            "e689a63b-e0db-4f36-b158-b0d31c952517",
            "2120385f-20ff-497a-89d8-f43f375049ee",
            "3e9cce46-d802-41dc-9320-95cd09bf97a5"
          ],
          "failures": [],
          "pending": [],
          "skipped": [],
          "duration": 2993,
          "root": false,
          "rootEmpty": false,
          "_timeout": 2000
        }
      ],
      "passes": [],
      "failures": [],
      "pending": [],
      "skipped": [],
      "duration": 0,
      "root": true,
      "rootEmpty": true,
      "_timeout": 2000
    }
  ],
  "meta": {
    "mocha": {
      "version": "7.0.1"
    },
    "mochawesome": {
      "options": {
        "quiet": true,
        "reportFilename": "mochawesome",
        "saveHtml": false,
        "saveJson": true,
        "consoleReporter": "spec",
        "useInlineDiffs": false,
        "code": true
      },
      "version": "6.2.2"
    },
    "marge": {
      "options": {
        "id": "default",
        "reportDir": "mochawesome-report",
        "quiet": true,
        "overwrite": false,
        "html": false,
        "json": true
      },
      "version": "5.2.0"
    }
  }
}