{
  "stats": {
    "suites": 1,
    "tests": 3,
    "passes": 3,
    "pending": 0,
    "failures": 0,
    "start": "2021-08-05T01:11:13.523Z",
    "end": "2021-08-05T01:11:16.689Z",
    "duration": 3166,
    "testsRegistered": 3,
    "passPercent": 100,
    "pendingPercent": 0,
    "other": 0,
    "hasOther": false,
    "skipped": 0,
    "hasSkipped": false
  },
  "results": [
    {
      "uuid": "3f9c8405-e350-494e-8acd-839e98990606",
      "title": "",
      "fullFile": "cypress/integration/users.spec.js",
      "file": "cypress/integration/users.spec.js",
      "beforeHooks": [],
      "afterHooks": [],
      "tests": [],
      "suites": [
        {
          "uuid": "d6153187-08d7-4445-9709-9149af292fdc",
          "title": "Usuários",
          "fullFile": "",
          "file": "",
          "beforeHooks": [],
          "afterHooks": [],
          "tests": [
            {
              "title": "Quando criar um novo usuário, então ele deve ser listado com os demais",
              "fullTitle": "Usuários Quando criar um novo usuário, então ele deve ser listado com os demais",
              "timedOut": null,
              "duration": 1539,
              "state": "passed",
              "speed": "slow",
              "pass": true,
              "fail": false,
              "pending": false,
              "context": null,
              "code": "_request.default.postUsers().then(postUsersResponse => {\n  _assertions.default.shouldHaveStatus(postUsersResponse, 200);\n  _assertions.default.shouldUsersIdNotNull(postUsersResponse);\n  _assertions.default.shouldDurationBeFast(postUsersResponse);\n  _request.default.getAllUsers(postUsersResponse).then(getAllUsersresponse => {\n    _assertions.default.shouldUsersEmailExists(postUsersResponse.body.data.email, getAllUsersresponse);\n  });\n});",
              "err": {},
              "uuid": "a26299ff-83bb-4d60-b901-e43b96c5575c",
              "parentUUID": "d6153187-08d7-4445-9709-9149af292fdc",
              "isHook": false,
              "skipped": false
            },
            {
              "title": "Ao alterar um usuário com sucesso, então seus dados devem ser atualizados",
              "fullTitle": "Usuários Ao alterar um usuário com sucesso, então seus dados devem ser atualizados",
              "timedOut": null,
              "duration": 794,
              "state": "passed",
              "speed": "slow",
              "pass": true,
              "fail": false,
              "pending": false,
              "context": null,
              "code": "_request.default.postUsers().then(postUsersResponse => {\n  _request.default.updateUser(postUsersResponse).then(putUserResponse => {\n    _assertions.default.shouldHaveStatus(putUserResponse, 200);\n    _assertions.default.shouldUserDataBeUpdated(putUserResponse);\n    _request.default.getSingleUser(postUsersResponse).then(getSingleUserResponse => {\n      _assertions.default.shouldHaveStatus(getSingleUserResponse, 200);\n      _assertions.default.shouldUsersIdNotNull(getSingleUserResponse);\n      _assertions.default.shouldUserDataBeUpdated(getSingleUserResponse);\n    });\n  });\n});",
              "err": {},
              "uuid": "281d798c-9f01-40b5-8494-b2602b66f63d",
              "parentUUID": "d6153187-08d7-4445-9709-9149af292fdc",
              "isHook": false,
              "skipped": false
            },
            {
              "title": "Ao excluir um usuário, então ele não deve ser exibido na listagem de usuários",
              "fullTitle": "Usuários Ao excluir um usuário, então ele não deve ser exibido na listagem de usuários",
              "timedOut": null,
              "duration": 800,
              "state": "passed",
              "speed": "slow",
              "pass": true,
              "fail": false,
              "pending": false,
              "context": null,
              "code": "_request.default.postUsers().then(postUsersResponse => {\n  _assertions.default.shouldHaveStatus(postUsersResponse, 200);\n  _assertions.default.shouldUsersIdNotNull(postUsersResponse);\n  _assertions.default.shouldDurationBeFast(postUsersResponse);\n  _request.default.deleteUser(postUsersResponse).then(deleteUserResponse => {\n    _assertions.default.shouldHaveStatus(deleteUserResponse, 200);\n    _request.default.getAllUsers(postUsersResponse).then(getAllUsersResponse => {\n      _assertions.default.shouldListBeEmpty(getAllUsersResponse);\n    });\n  });\n});",
              "err": {},
              "uuid": "ad00612c-515f-4c1f-8f8b-93a69f540bcb",
              "parentUUID": "d6153187-08d7-4445-9709-9149af292fdc",
              "isHook": false,
              "skipped": false
            }
          ],
          "suites": [],
          "passes": [
            "a26299ff-83bb-4d60-b901-e43b96c5575c",
            "281d798c-9f01-40b5-8494-b2602b66f63d",
            "ad00612c-515f-4c1f-8f8b-93a69f540bcb"
          ],
          "failures": [],
          "pending": [],
          "skipped": [],
          "duration": 3133,
          "root": false,
          "rootEmpty": false,
          "_timeout": 2000
        }
      ],
      "passes": [],
      "failures": [],
      "pending": [],
      "skipped": [],
      "duration": 0,
      "root": true,
      "rootEmpty": true,
      "_timeout": 2000
    }
  ],
  "meta": {
    "mocha": {
      "version": "7.0.1"
    },
    "mochawesome": {
      "options": {
        "quiet": true,
        "reportFilename": "mochawesome",
        "saveHtml": false,
        "saveJson": true,
        "consoleReporter": "spec",
        "useInlineDiffs": false,
        "code": true
      },
      "version": "6.2.2"
    },
    "marge": {
      "options": {
        "id": "default",
        "reportDir": "mochawesome-report",
        "quiet": true,
        "overwrite": false,
        "html": false,
        "json": true
      },
      "version": "5.2.0"
    }
  }
}